<?xml version="1.0" encoding="UTF-8"?>
<testng-results skipped="0" failed="0" total="4" passed="4">
  <reporter-output>
  </reporter-output>
  <suite name="mySuite" duration-ms="68500" started-at="2019-04-17T08:57:19Z" finished-at="2019-04-17T08:58:28Z">
    <groups>
    </groups>
    <test name="myTest" duration-ms="68500" started-at="2019-04-17T08:57:19Z" finished-at="2019-04-17T08:58:28Z">
      <class name="myPack.Mahesh">
        <test-method status="PASS" signature="addEmp()[pri:0, instance:myPack.Mahesh@1ba5a14]" name="addEmp" duration-ms="49145" started-at="2019-04-17T14:27:19Z" finished-at="2019-04-17T14:28:09Z">
          <reporter-output>
          </reporter-output>
        </test-method> <!-- addEmp -->
        <test-method status="PASS" signature="deleteEmp()[pri:0, instance:myPack.Mahesh@1ba5a14]" name="deleteEmp" duration-ms="0" started-at="2019-04-17T14:28:09Z" finished-at="2019-04-17T14:28:09Z">
          <reporter-output>
          </reporter-output>
        </test-method> <!-- deleteEmp -->
        <test-method status="PASS" signature="editEmp()[pri:0, instance:myPack.Mahesh@1ba5a14]" name="editEmp" duration-ms="0" started-at="2019-04-17T14:28:09Z" finished-at="2019-04-17T14:28:09Z">
          <reporter-output>
          </reporter-output>
        </test-method> <!-- editEmp -->
        <test-method status="PASS" signature="verifyLogin()[pri:0, instance:myPack.Mahesh@1ba5a14]" name="verifyLogin" duration-ms="19317" started-at="2019-04-17T14:28:09Z" finished-at="2019-04-17T14:28:28Z">
          <reporter-output>
          </reporter-output>
        </test-method> <!-- verifyLogin -->
      </class> <!-- myPack.Mahesh -->
    </test> <!-- myTest -->
  </suite> <!-- mySuite -->
</testng-results>
